Je suis dans io
Waiting for aquarium to be initialized
Waiting for aquarium to be initialized
Waiting for views to be initialized
Waiting for views to be initialized
Waiting for views to be initialized
Waiting for activity on one of the sockets
Received data from view 0
Received 6 bytes from view 0: hello
Hello from view 0
Waiting for activity on one of the sockets
Received data from view 0
Received 49 bytes from view 0: addFish PoissonRouge at 8x3, 4x3, RandomWayPoint
Add fish from view 0
fish PoissonRouge at 40x15 in aquarium added
Waiting for activity on one of the sockets
Received data from view 0
Received 48 bytes from view 0: addFish PoissonBleu at 8x3, 4x3, RandomWayPoint
Add fish from view 0
fish PoissonBleu at 40x15 in aquarium added
Waiting for activity on one of the sockets
Received data from view 0
Received 23 bytes from view 0: startFish PoissonRouge
Start fish (PoissonRouge) from view 0
Waiting for activity on one of the sockets
Received data from view 0
Received 22 bytes from view 0: startFish PoissonBleu
Start fish (PoissonBleu) from view 0
Waiting for activity on one of the sockets
Received data from view 0
Received 3 bytes from view 0: ls
List fishes from view 0
Waiting for activity on one of the sockets
Received data from view 0
Received 1 bytes from view 0: 
Waiting for activity on one of the sockets
Received data from view 0
Client closed connection
Waiting for activity on one of the sockets
Received data from view 0
Client closed connection
