Starting server thread
Sent hello
Nothing to handle
Nothing to handle
Nothing to handle
Nothing to handle
Nothing to handle
Nothing to handle
Nothing to handle
Nothing to handle
Nothing to handle
Nothing to handle
Nothing to handle
Nothing to handle
Not a command handled by server thread
Not a command handled by server thread
Not a command handled by server thread
Fish PoissonRouge needs an update on his destinations
Sent ls
Not a command handled by server thread
Fish PoissonRouge needs an update on his destinations
Fish PoissonBleu needs an update on his destinations
Updating fish PoissonRouge
Fish PoissonRouge updated : will go to 177x155 in 281 seconds
Updating fish PoissonBleu
Fish PoissonBleu updated : will go to 77x98 in 587 seconds
Fish PoissonRouge needs an update on his destinations
Sent ls
Fish PoissonBleu needs an update on his destinations
Updating fish PoissonRouge
Fish PoissonRouge updated : will go to 183x158 in 289 seconds
Updating fish PoissonBleu
Fish PoissonBleu updated : will go to 129x84 in 729 seconds
Nothing to handle
Nothing to handle
Nothing to handle
Nothing to handle
Nothing to handle
Nothing to handle
Nothing to handle
Nothing to handle
Nothing to handle
Nothing to handle
Nothing to handle
Nothing to handle
Nothing to handle
Nothing to handle
Nothing to handle
Nothing to handle
Nothing to handle
Nothing to handle
Nothing to handle
Nothing to handle
Nothing to handle
Nothing to handle
Nothing to handle
Nothing to handle
Nothing to handle
Nothing to handle
Nothing to handle
Nothing to handle
Nothing to handle
Nothing to handle
Nothing to handle
Nothing to handle
Nothing to handle
Nothing to handle
Nothing to handle
Nothing to handle
Nothing to handle
Nothing to handle
Nothing to handle
Nothing to handle
Nothing to handle
Nothing to handle
Nothing to handle
Nothing to handle
Nothing to handle
Nothing to handle
Nothing to handle
Nothing to handle
Nothing to handle
Nothing to handle
Nothing to handle
Nothing to handle
Nothing to handle
Nothing to handle
Nothing to handle
Nothing to handle
Nothing to handle
Nothing to handle
Nothing to handle
Nothing to handle
Nothing to handle
