New loop
Waiting for command
Sending: hello
Server answered: greeting N1
New loop
Waiting for command
Waiting for command
Sending: addFish PoissonRouge at 8x3, 4x3, RandomWayPoint
Server answered: OK
New loop
Waiting for command
Waiting for command
Waiting for command
Waiting for command
Waiting for command
Waiting for command
Waiting for command
Waiting for command
Waiting for command
Waiting for command
Waiting for command
Waiting for command
Waiting for command
Waiting for command
Waiting for command
Waiting for command
Waiting for command
Waiting for command
Waiting for command
Waiting for command
Waiting for command
Waiting for command
Waiting for command
Waiting for command
Waiting for command
Waiting for command
Waiting for command
Waiting for command
Waiting for command
Waiting for command
Waiting for command
Waiting for command
Sending: startFish PoissonRouge
Server answered: OK
New loop
Waiting for command
Waiting for command
Waiting for command
Waiting for command
Waiting for command
